<?xml version="1.0" encoding="UTF-8"?>
<coverage generated="1622290375733" clover="3.2.0">
  <project timestamp="1622290375733" name="All files">
    <metrics statements="22" coveredstatements="19" conditionals="3" coveredconditionals="2" methods="3" coveredmethods="2" elements="28" coveredelements="23" complexity="0" loc="22" ncloc="22" packages="2" files="2" classes="2"/>
    <package name="database">
      <metrics statements="9" coveredstatements="6" conditionals="3" coveredconditionals="2" methods="3" coveredmethods="2"/>
      <file name="index.js" path="/mnt/c/Users/Thiago Gomes/Desktop/trabweb/src/database/index.js">
        <metrics statements="9" coveredstatements="6" conditionals="3" coveredconditionals="2" methods="3" coveredmethods="2"/>
        <line num="1" count="1" type="stmt"/>
        <line num="2" count="1" type="stmt"/>
        <line num="3" count="1" type="stmt"/>
        <line num="4" count="1" type="cond" truecount="1" falsecount="0"/>
        <line num="5" count="1" type="cond" truecount="0" falsecount="1"/>
        <line num="6" count="0" type="cond" truecount="1" falsecount="0"/>
        <line num="7" count="0" type="stmt"/>
        <line num="8" count="0" type="stmt"/>
        <line num="9" count="1" type="stmt"/>
      </file>
    </package>
    <package name="database.models">
      <metrics statements="13" coveredstatements="13" conditionals="0" coveredconditionals="0" methods="0" coveredmethods="0"/>
      <file name="produtos.js" path="/mnt/c/Users/Thiago Gomes/Desktop/trabweb/src/database/models/produtos.js">
        <metrics statements="13" coveredstatements="13" conditionals="0" coveredconditionals="0" methods="0" coveredmethods="0"/>
        <line num="1" count="1" type="stmt"/>
        <line num="2" count="1" type="stmt"/>
        <line num="3" count="1" type="stmt"/>
        <line num="4" count="1" type="stmt"/>
        <line num="5" count="1" type="stmt"/>
        <line num="6" count="1" type="stmt"/>
        <line num="7" count="1" type="stmt"/>
        <line num="8" count="1" type="stmt"/>
        <line num="9" count="1" type="stmt"/>
        <line num="10" count="1" type="stmt"/>
        <line num="11" count="1" type="stmt"/>
        <line num="12" count="1" type="stmt"/>
        <line num="13" count="1" type="stmt"/>
      </file>
    </package>
  </project>
</coverage>
