{"/mnt/c/Users/Thiago Gomes/Desktop/trabweb/src/database/index.js": {"path":"/mnt/c/Users/Thiago Gomes/Desktop/trabweb/src/database/index.js","all":false,"statementMap":{"0":{"start":{"line":1,"column":0},"end":{"line":1,"column":37}},"1":{"start":{"line":2,"column":0},"end":{"line":2,"column":46}},"2":{"start":{"line":3,"column":0},"end":{"line":3,"column":0}},"3":{"start":{"line":4,"column":0},"end":{"line":4,"column":81}},"4":{"start":{"line":5,"column":0},"end":{"line":5,"column":2}},"5":{"start":{"line":6,"column":0},"end":{"line":6,"column":3}},"6":{"start":{"line":7,"column":0},"end":{"line":7,"column":0}},"7":{"start":{"line":8,"column":0},"end":{"line":8,"column":19}},"8":{"start":{"line":9,"column":0},"end":{"line":9,"column":37}},"9":{"start":{"line":10,"column":0},"end":{"line":10,"column":40}},"10":{"start":{"line":11,"column":0},"end":{"line":11,"column":0}},"11":{"start":{"line":12,"column":0},"end":{"line":12,"column":18}},"12":{"start":{"line":13,"column":0},"end":{"line":13,"column":21}},"13":{"start":{"line":14,"column":0},"end":{"line":14,"column":152}},"14":{"start":{"line":15,"column":0},"end":{"line":15,"column":79}},"15":{"start":{"line":16,"column":0},"end":{"line":16,"column":90}},"16":{"start":{"line":17,"column":0},"end":{"line":17,"column":5}},"17":{"start":{"line":18,"column":0},"end":{"line":18,"column":33}}},"s":{"0":1,"1":1,"2":1,"3":1,"4":1,"5":1,"6":1,"7":1,"8":1,"9":1,"10":1,"11":1,"12":1,"13":1,"14":0,"15":0,"16":0,"17":1},"branchMap":{"0":{"type":"branch","line":13,"loc":{"start":{"line":13,"column":4},"end":{"line":17,"column":5}},"locations":[{"start":{"line":13,"column":4},"end":{"line":17,"column":5}}]},"1":{"type":"branch","line":14,"loc":{"start":{"line":14,"column":15},"end":{"line":17,"column":5}},"locations":[{"start":{"line":14,"column":15},"end":{"line":17,"column":5}}]},"2":{"type":"branch","line":15,"loc":{"start":{"line":15,"column":14},"end":{"line":15,"column":24}},"locations":[{"start":{"line":15,"column":14},"end":{"line":15,"column":24}}]}},"b":{"0":[1],"1":[0],"2":[1]},"fnMap":{"0":{"name":"connect","decl":{"start":{"line":13,"column":4},"end":{"line":17,"column":5}},"loc":{"start":{"line":13,"column":4},"end":{"line":17,"column":5}},"line":13},"1":{"name":"mongoose.connect.then","decl":{"start":{"line":15,"column":14},"end":{"line":15,"column":24}},"loc":{"start":{"line":15,"column":14},"end":{"line":15,"column":24}},"line":15},"2":{"name":"mongoose.connect.then.catch.error","decl":{"start":{"line":16,"column":16},"end":{"line":16,"column":39}},"loc":{"start":{"line":16,"column":16},"end":{"line":16,"column":39}},"line":16}},"f":{"0":1,"1":1,"2":0}}
,"/mnt/c/Users/Thiago Gomes/Desktop/trabweb/src/database/models/produtos.js": {"path":"/mnt/c/Users/Thiago Gomes/Desktop/trabweb/src/database/models/produtos.js","all":false,"statementMap":{"0":{"start":{"line":1,"column":0},"end":{"line":1,"column":37}},"1":{"start":{"line":2,"column":0},"end":{"line":2,"column":0}},"2":{"start":{"line":3,"column":0},"end":{"line":3,"column":39}},"3":{"start":{"line":4,"column":0},"end":{"line":4,"column":17}},"4":{"start":{"line":5,"column":0},"end":{"line":5,"column":19}},"5":{"start":{"line":6,"column":0},"end":{"line":6,"column":20}},"6":{"start":{"line":7,"column":0},"end":{"line":7,"column":25}},"7":{"start":{"line":8,"column":0},"end":{"line":8,"column":3}},"8":{"start":{"line":9,"column":0},"end":{"line":9,"column":0}},"9":{"start":{"line":10,"column":0},"end":{"line":10,"column":63}},"10":{"start":{"line":11,"column":0},"end":{"line":11,"column":0}},"11":{"start":{"line":12,"column":0},"end":{"line":12,"column":0}},"12":{"start":{"line":13,"column":0},"end":{"line":13,"column":0}},"13":{"start":{"line":14,"column":0},"end":{"line":14,"column":30}}},"s":{"0":1,"1":1,"2":1,"3":1,"4":1,"5":1,"6":1,"7":1,"8":1,"9":1,"10":1,"11":1,"12":1,"13":1},"branchMap":{},"b":{},"fnMap":{},"f":{}}
}
