TN:
SF:src/database/index.js
FN:4,connect
FN:6,mongoose.connect.then
FN:7,mongoose.connect.then.catch.error
FNF:3
FNH:2
FNDA:1,connect
FNDA:1,mongoose.connect.then
FNDA:0,mongoose.connect.then.catch.error
DA:1,1
DA:2,1
DA:3,1
DA:4,1
DA:5,1
DA:6,0
DA:7,0
DA:8,0
DA:9,1
LF:9
LH:6
BRDA:4,0,0,1
BRDA:5,1,0,0
BRDA:6,2,0,1
BRF:3
BRH:2
end_of_record
TN:
SF:src/database/models/produtos.js
FNF:0
FNH:0
DA:1,1
DA:2,1
DA:3,1
DA:4,1
DA:5,1
DA:6,1
DA:7,1
DA:8,1
DA:9,1
DA:10,1
DA:11,1
DA:12,1
DA:13,1
LF:13
LH:13
BRF:0
BRH:0
end_of_record
